This file contains any messages produced by compilers while
running configure, to aid debugging if configure makes a mistake.

It was created by tetris configure 0.1, which was
generated by GNU Autoconf 2.59.  Invocation command line was

  $ ./configure 

## --------- ##
## Platform. ##
## --------- ##

hostname = notebook
uname -m = x86_64
uname -r = 3.2.7
uname -s = Linux
uname -v = #2 SMP Fri Feb 24 17:41:25 CST 2012

/usr/bin/uname -p = Intel(R) Core(TM) i5 CPU       M 430  @ 2.27GHz
/bin/uname -X     = unknown

/bin/arch              = x86_64
/usr/bin/arch -k       = unknown
/usr/convex/getsysinfo = unknown
hostinfo               = unknown
/bin/machine           = unknown
/usr/bin/oslevel       = unknown
/bin/universe          = unknown

PATH: /usr/local/bin
PATH: /usr/bin
PATH: /bin
PATH: /usr/games
PATH: /usr/lib64/java/bin
PATH: /usr/lib64/kde4/libexec
PATH: /usr/lib64/qt/bin
PATH: /usr/share/texmf/bin
PATH: .
PATH: /home/leandro/.local/bin
PATH: /home/leandro/bin


## ----------- ##
## Core tests. ##
## ----------- ##

configure:1328: checking build system type
configure:1346: result: x86_64-unknown-linux-gnu
configure:1354: checking host system type
configure:1368: result: x86_64-unknown-linux-gnu
configure:1376: checking target system type
configure:1390: result: x86_64-unknown-linux-gnu
configure:1418: checking for a BSD-compatible install
configure:1473: result: /usr/bin/ginstall -c
configure:1484: checking whether build environment is sane
configure:1527: result: yes
configure:1584: checking for gawk
configure:1600: found /usr/bin/gawk
configure:1610: result: gawk
configure:1620: checking whether make sets $(MAKE)
configure:1640: result: yes
configure:1819: checking for style of include used by make
configure:1847: result: GNU
configure:1918: checking for gcc
configure:1934: found /usr/bin/gcc
configure:1944: result: gcc
configure:2188: checking for C compiler version
configure:2191: gcc --version </dev/null >&5
gcc (GCC) 4.6.2
Copyright (C) 2011 Free Software Foundation, Inc.
This is free software; see the source for copying conditions.  There is NO
warranty; not even for MERCHANTABILITY or FITNESS FOR A PARTICULAR PURPOSE.

configure:2194: $? = 0
configure:2196: gcc -v </dev/null >&5
Reading specs from /usr/lib64/gcc/x86_64-slackware-linux/4.6.2/specs
COLLECT_GCC=gcc
COLLECT_LTO_WRAPPER=/usr/libexec/gcc/x86_64-slackware-linux/4.6.2/lto-wrapper
Target: x86_64-slackware-linux
Configured with: ../gcc-4.6.2/configure --prefix=/usr --libdir=/usr/lib64 --mandir=/usr/man --infodir=/usr/info --enable-shared --enable-bootstrap --enable-languages=ada,c,c++,fortran,go,java,lto,objc --enable-threads=posix --enable-checking=release --enable-objc-gc --with-system-zlib --with-python-dir=/lib64/python2.6/site-packages --disable-libunwind-exceptions --enable-__cxa_atexit --enable-libssp --enable-lto --with-gnu-ld --verbose --enable-java-home --with-java-home=/usr/lib64/jvm/jre --with-jvm-root-dir=/usr/lib64/jvm --with-jvm-jar-dir=/usr/lib64/jvm/jvm-exports --with-arch-directory=amd64 --with-antlr-jar=/root/slackware64-current/source/d/gcc/antlr-runtime-3.4.jar --enable-java-awt=gtk --disable-gtktest --disable-multilib --target=x86_64-slackware-linux --build=x86_64-slackware-linux --host=x86_64-slackware-linux
Thread model: posix
gcc version 4.6.2 (GCC) 
configure:2199: $? = 0
configure:2201: gcc -V </dev/null >&5
gcc: error: unrecognized option '-V'
gcc: fatal error: no input files
compilation terminated.
configure:2204: $? = 1
configure:2227: checking for C compiler default output file name
configure:2230: gcc    conftest.c  >&5
configure:2233: $? = 0
configure:2279: result: a.out
configure:2284: checking whether the C compiler works
configure:2290: ./a.out
configure:2293: $? = 0
configure:2310: result: yes
configure:2317: checking whether we are cross compiling
configure:2319: result: no
configure:2322: checking for suffix of executables
configure:2324: gcc -o conftest    conftest.c  >&5
configure:2327: $? = 0
configure:2352: result: 
configure:2358: checking for suffix of object files
configure:2379: gcc -c   conftest.c >&5
configure:2382: $? = 0
configure:2404: result: o
configure:2408: checking whether we are using the GNU C compiler
configure:2432: gcc -c   conftest.c >&5
configure:2438: $? = 0
configure:2442: test -z 
			 || test ! -s conftest.err
configure:2445: $? = 0
configure:2448: test -s conftest.o
configure:2451: $? = 0
configure:2464: result: yes
configure:2470: checking whether gcc accepts -g
configure:2491: gcc -c -g  conftest.c >&5
configure:2497: $? = 0
configure:2501: test -z 
			 || test ! -s conftest.err
configure:2504: $? = 0
configure:2507: test -s conftest.o
configure:2510: $? = 0
configure:2521: result: yes
configure:2538: checking for gcc option to accept ANSI C
configure:2608: gcc  -c -g -O2  conftest.c >&5
configure:2614: $? = 0
configure:2618: test -z 
			 || test ! -s conftest.err
configure:2621: $? = 0
configure:2624: test -s conftest.o
configure:2627: $? = 0
configure:2645: result: none needed
configure:2663: gcc -c -g -O2  conftest.c >&5
conftest.c:2:3: error: unknown type name 'choke'
conftest.c:2:3: error: expected '=', ',', ';', 'asm' or '__attribute__' at end of input
configure:2669: $? = 1
configure: failed program was:
| #ifndef __cplusplus
|   choke me
| #endif
configure:2804: checking dependency style of gcc
configure:2894: result: gcc3
configure:2912: checking for library containing strerror
configure:2942: gcc -o conftest -g -O2   conftest.c  >&5
configure:2948: $? = 0
configure:2952: test -z 
			 || test ! -s conftest.err
configure:2955: $? = 0
configure:2958: test -s conftest
configure:2961: $? = 0
configure:3031: result: none required
configure:3084: checking for gcc
configure:3110: result: gcc
configure:3354: checking for C compiler version
configure:3357: gcc --version </dev/null >&5
gcc (GCC) 4.6.2
Copyright (C) 2011 Free Software Foundation, Inc.
This is free software; see the source for copying conditions.  There is NO
warranty; not even for MERCHANTABILITY or FITNESS FOR A PARTICULAR PURPOSE.

configure:3360: $? = 0
configure:3362: gcc -v </dev/null >&5
Reading specs from /usr/lib64/gcc/x86_64-slackware-linux/4.6.2/specs
COLLECT_GCC=gcc
COLLECT_LTO_WRAPPER=/usr/libexec/gcc/x86_64-slackware-linux/4.6.2/lto-wrapper
Target: x86_64-slackware-linux
Configured with: ../gcc-4.6.2/configure --prefix=/usr --libdir=/usr/lib64 --mandir=/usr/man --infodir=/usr/info --enable-shared --enable-bootstrap --enable-languages=ada,c,c++,fortran,go,java,lto,objc --enable-threads=posix --enable-checking=release --enable-objc-gc --with-system-zlib --with-python-dir=/lib64/python2.6/site-packages --disable-libunwind-exceptions --enable-__cxa_atexit --enable-libssp --enable-lto --with-gnu-ld --verbose --enable-java-home --with-java-home=/usr/lib64/jvm/jre --with-jvm-root-dir=/usr/lib64/jvm --with-jvm-jar-dir=/usr/lib64/jvm/jvm-exports --with-arch-directory=amd64 --with-antlr-jar=/root/slackware64-current/source/d/gcc/antlr-runtime-3.4.jar --enable-java-awt=gtk --disable-gtktest --disable-multilib --target=x86_64-slackware-linux --build=x86_64-slackware-linux --host=x86_64-slackware-linux
Thread model: posix
gcc version 4.6.2 (GCC) 
configure:3365: $? = 0
configure:3367: gcc -V </dev/null >&5
gcc: error: unrecognized option '-V'
gcc: fatal error: no input files
compilation terminated.
configure:3370: $? = 1
configure:3373: checking whether we are using the GNU C compiler
configure:3429: result: yes
configure:3435: checking whether gcc accepts -g
configure:3486: result: yes
configure:3503: checking for gcc option to accept ANSI C
configure:3610: result: none needed
configure:3628: gcc -c -g -O2  conftest.c >&5
conftest.c:2:3: error: unknown type name 'choke'
conftest.c:2:3: error: expected '=', ',', ';', 'asm' or '__attribute__' at end of input
configure:3634: $? = 1
configure: failed program was:
| #ifndef __cplusplus
|   choke me
| #endif
configure:3769: checking dependency style of gcc
configure:3859: result: gcc3
configure:3928: checking for g++
configure:3944: found /usr/bin/g++
configure:3954: result: g++
configure:3970: checking for C++ compiler version
configure:3973: g++ --version </dev/null >&5
g++ (GCC) 4.6.2
Copyright (C) 2011 Free Software Foundation, Inc.
This is free software; see the source for copying conditions.  There is NO
warranty; not even for MERCHANTABILITY or FITNESS FOR A PARTICULAR PURPOSE.

configure:3976: $? = 0
configure:3978: g++ -v </dev/null >&5
Reading specs from /usr/lib64/gcc/x86_64-slackware-linux/4.6.2/specs
COLLECT_GCC=g++
COLLECT_LTO_WRAPPER=/usr/libexec/gcc/x86_64-slackware-linux/4.6.2/lto-wrapper
Target: x86_64-slackware-linux
Configured with: ../gcc-4.6.2/configure --prefix=/usr --libdir=/usr/lib64 --mandir=/usr/man --infodir=/usr/info --enable-shared --enable-bootstrap --enable-languages=ada,c,c++,fortran,go,java,lto,objc --enable-threads=posix --enable-checking=release --enable-objc-gc --with-system-zlib --with-python-dir=/lib64/python2.6/site-packages --disable-libunwind-exceptions --enable-__cxa_atexit --enable-libssp --enable-lto --with-gnu-ld --verbose --enable-java-home --with-java-home=/usr/lib64/jvm/jre --with-jvm-root-dir=/usr/lib64/jvm --with-jvm-jar-dir=/usr/lib64/jvm/jvm-exports --with-arch-directory=amd64 --with-antlr-jar=/root/slackware64-current/source/d/gcc/antlr-runtime-3.4.jar --enable-java-awt=gtk --disable-gtktest --disable-multilib --target=x86_64-slackware-linux --build=x86_64-slackware-linux --host=x86_64-slackware-linux
Thread model: posix
gcc version 4.6.2 (GCC) 
configure:3981: $? = 0
configure:3983: g++ -V </dev/null >&5
g++: error: unrecognized option '-V'
g++: fatal error: no input files
compilation terminated.
configure:3986: $? = 1
configure:3989: checking whether we are using the GNU C++ compiler
configure:4013: g++ -c   conftest.cc >&5
configure:4019: $? = 0
configure:4023: test -z 
			 || test ! -s conftest.err
configure:4026: $? = 0
configure:4029: test -s conftest.o
configure:4032: $? = 0
configure:4045: result: yes
configure:4051: checking whether g++ accepts -g
configure:4072: g++ -c -g  conftest.cc >&5
configure:4078: $? = 0
configure:4082: test -z 
			 || test ! -s conftest.err
configure:4085: $? = 0
configure:4088: test -s conftest.o
configure:4091: $? = 0
configure:4102: result: yes
configure:4144: g++ -c -g -O2  conftest.cc >&5
configure:4150: $? = 0
configure:4154: test -z 
			 || test ! -s conftest.err
configure:4157: $? = 0
configure:4160: test -s conftest.o
configure:4163: $? = 0
configure:4189: g++ -c -g -O2  conftest.cc >&5
conftest.cc: In function 'int main()':
conftest.cc:15:9: error: 'exit' was not declared in this scope
configure:4195: $? = 1
configure: failed program was:
| /* confdefs.h.  */
| 
| #define PACKAGE_NAME "tetris"
| #define PACKAGE_TARNAME "tetris"
| #define PACKAGE_VERSION "0.1"
| #define PACKAGE_STRING "tetris 0.1"
| #define PACKAGE_BUGREPORT ""
| #define PACKAGE "tetris"
| #define VERSION "0.1"
| /* end confdefs.h.  */
| 
| int
| main ()
| {
| exit (42);
|   ;
|   return 0;
| }
configure:4144: g++ -c -g -O2  conftest.cc >&5
conftest.cc:11:40: error: 'void std::exit(int)' should have been declared inside 'std'
configure:4150: $? = 1
configure: failed program was:
| /* confdefs.h.  */
| 
| #define PACKAGE_NAME "tetris"
| #define PACKAGE_TARNAME "tetris"
| #define PACKAGE_VERSION "0.1"
| #define PACKAGE_STRING "tetris 0.1"
| #define PACKAGE_BUGREPORT ""
| #define PACKAGE "tetris"
| #define VERSION "0.1"
| /* end confdefs.h.  */
| extern "C" void std::exit (int) throw (); using std::exit;
| #include <stdlib.h>
| int
| main ()
| {
| exit (42);
|   ;
|   return 0;
| }
configure:4144: g++ -c -g -O2  conftest.cc >&5
conftest.cc:11:31: error: 'void std::exit(int)' should have been declared inside 'std'
In file included from conftest.cc:12:0:
/usr/include/stdlib.h:544:70: error: declaration of 'void std::exit(int) throw ()' has a different exception specifier
conftest.cc:11:17: error: from previous declaration 'void std::exit(int)'
configure:4150: $? = 1
configure: failed program was:
| /* confdefs.h.  */
| 
| #define PACKAGE_NAME "tetris"
| #define PACKAGE_TARNAME "tetris"
| #define PACKAGE_VERSION "0.1"
| #define PACKAGE_STRING "tetris 0.1"
| #define PACKAGE_BUGREPORT ""
| #define PACKAGE "tetris"
| #define VERSION "0.1"
| /* end confdefs.h.  */
| extern "C" void std::exit (int); using std::exit;
| #include <stdlib.h>
| int
| main ()
| {
| exit (42);
|   ;
|   return 0;
| }
configure:4144: g++ -c -g -O2  conftest.cc >&5
configure:4150: $? = 0
configure:4154: test -z 
			 || test ! -s conftest.err
configure:4157: $? = 0
configure:4160: test -s conftest.o
configure:4163: $? = 0
configure:4189: g++ -c -g -O2  conftest.cc >&5
configure:4195: $? = 0
configure:4199: test -z 
			 || test ! -s conftest.err
configure:4202: $? = 0
configure:4205: test -s conftest.o
configure:4208: $? = 0
configure:4233: checking dependency style of g++
configure:4323: result: gcc3
configure:4386: checking for gcc
configure:4412: result: gcc
configure:4656: checking for C compiler version
configure:4659: gcc --version </dev/null >&5
gcc (GCC) 4.6.2
Copyright (C) 2011 Free Software Foundation, Inc.
This is free software; see the source for copying conditions.  There is NO
warranty; not even for MERCHANTABILITY or FITNESS FOR A PARTICULAR PURPOSE.

configure:4662: $? = 0
configure:4664: gcc -v </dev/null >&5
Reading specs from /usr/lib64/gcc/x86_64-slackware-linux/4.6.2/specs
COLLECT_GCC=gcc
COLLECT_LTO_WRAPPER=/usr/libexec/gcc/x86_64-slackware-linux/4.6.2/lto-wrapper
Target: x86_64-slackware-linux
Configured with: ../gcc-4.6.2/configure --prefix=/usr --libdir=/usr/lib64 --mandir=/usr/man --infodir=/usr/info --enable-shared --enable-bootstrap --enable-languages=ada,c,c++,fortran,go,java,lto,objc --enable-threads=posix --enable-checking=release --enable-objc-gc --with-system-zlib --with-python-dir=/lib64/python2.6/site-packages --disable-libunwind-exceptions --enable-__cxa_atexit --enable-libssp --enable-lto --with-gnu-ld --verbose --enable-java-home --with-java-home=/usr/lib64/jvm/jre --with-jvm-root-dir=/usr/lib64/jvm --with-jvm-jar-dir=/usr/lib64/jvm/jvm-exports --with-arch-directory=amd64 --with-antlr-jar=/root/slackware64-current/source/d/gcc/antlr-runtime-3.4.jar --enable-java-awt=gtk --disable-gtktest --disable-multilib --target=x86_64-slackware-linux --build=x86_64-slackware-linux --host=x86_64-slackware-linux
Thread model: posix
gcc version 4.6.2 (GCC) 
configure:4667: $? = 0
configure:4669: gcc -V </dev/null >&5
gcc: error: unrecognized option '-V'
gcc: fatal error: no input files
compilation terminated.
configure:4672: $? = 1
configure:4675: checking whether we are using the GNU C compiler
configure:4731: result: yes
configure:4737: checking whether gcc accepts -g
configure:4788: result: yes
configure:4805: checking for gcc option to accept ANSI C
configure:4912: result: none needed
configure:4930: gcc -c -g -O2  conftest.c >&5
conftest.c:2:3: error: unknown type name 'choke'
conftest.c:2:3: error: expected '=', ',', ';', 'asm' or '__attribute__' at end of input
configure:4936: $? = 1
configure: failed program was:
| #ifndef __cplusplus
|   choke me
| #endif
configure:5071: checking dependency style of gcc
configure:5161: result: gcc3
configure:5186: checking how to run the C preprocessor
configure:5221: gcc -E  conftest.c
configure:5227: $? = 0
configure:5259: gcc -E  conftest.c
conftest.c:14:28: fatal error: ac_nonexistent.h: No such file or directory
compilation terminated.
configure:5265: $? = 1
configure: failed program was:
| /* confdefs.h.  */
| 
| #define PACKAGE_NAME "tetris"
| #define PACKAGE_TARNAME "tetris"
| #define PACKAGE_VERSION "0.1"
| #define PACKAGE_STRING "tetris 0.1"
| #define PACKAGE_BUGREPORT ""
| #define PACKAGE "tetris"
| #define VERSION "0.1"
| #ifdef __cplusplus
| extern "C" void exit (int) throw ();
| #endif
| /* end confdefs.h.  */
| #include <ac_nonexistent.h>
configure:5304: result: gcc -E
configure:5328: gcc -E  conftest.c
configure:5334: $? = 0
configure:5366: gcc -E  conftest.c
conftest.c:14:28: fatal error: ac_nonexistent.h: No such file or directory
compilation terminated.
configure:5372: $? = 1
configure: failed program was:
| /* confdefs.h.  */
| 
| #define PACKAGE_NAME "tetris"
| #define PACKAGE_TARNAME "tetris"
| #define PACKAGE_VERSION "0.1"
| #define PACKAGE_STRING "tetris 0.1"
| #define PACKAGE_BUGREPORT ""
| #define PACKAGE "tetris"
| #define VERSION "0.1"
| #ifdef __cplusplus
| extern "C" void exit (int) throw ();
| #endif
| /* end confdefs.h.  */
| #include <ac_nonexistent.h>
configure:5416: checking for egrep
configure:5426: result: grep -E
configure:5431: checking for ANSI C header files
configure:5456: gcc -c -g -O2  conftest.c >&5
configure:5462: $? = 0
configure:5466: test -z 
			 || test ! -s conftest.err
configure:5469: $? = 0
configure:5472: test -s conftest.o
configure:5475: $? = 0
configure:5564: gcc -o conftest -g -O2   conftest.c  >&5
conftest.c: In function 'main':
conftest.c:31:7: warning: incompatible implicit declaration of built-in function 'exit' [enabled by default]
configure:5567: $? = 0
configure:5569: ./conftest
configure:5572: $? = 0
configure:5587: result: yes
configure:5644: checking for sdl-config
configure:5662: found /usr/bin/sdl-config
configure:5675: result: /usr/bin/sdl-config
configure:5683: checking for SDL - version >= 1.2.0
configure:5773: gcc -o conftest -g -O2 -I/usr/include/SDL -D_GNU_SOURCE=1 -D_REENTRANT   conftest.c  -L/usr/lib64 -Wl,-rpath,/usr/lib64 -lSDL -lpthread >&5
configure:5776: $? = 0
configure:5778: ./conftest
configure:5781: $? = 0
configure:5799: result: yes
configure:5900: checking for TTF_Init in -lSDL_ttf
configure:5930: gcc -o conftest -g -O2  -I/usr/include/SDL -D_GNU_SOURCE=1 -D_REENTRANT  conftest.c -lSDL_ttf   -L/usr/lib64 -Wl,-rpath,/usr/lib64 -lSDL -lpthread >&5
configure:5936: $? = 0
configure:5940: test -z 
			 || test ! -s conftest.err
configure:5943: $? = 0
configure:5946: test -s conftest
configure:5949: $? = 0
configure:5962: result: yes
configure:6129: creating ./config.status

## ---------------------- ##
## Running config.status. ##
## ---------------------- ##

This file was extended by tetris config.status 0.1, which was
generated by GNU Autoconf 2.59.  Invocation command line was

  CONFIG_FILES    = 
  CONFIG_HEADERS  = 
  CONFIG_LINKS    = 
  CONFIG_COMMANDS = 
  $ ./config.status 

on notebook

config.status:708: creating Makefile
config.status:812: creating config.h
config.status:902: config.h is unchanged
config.status:1082: executing depfiles commands

## ---------------- ##
## Cache variables. ##
## ---------------- ##

ac_cv_build=x86_64-unknown-linux-gnu
ac_cv_build_alias=x86_64-unknown-linux-gnu
ac_cv_c_compiler_gnu=yes
ac_cv_cxx_compiler_gnu=yes
ac_cv_env_CC_set=
ac_cv_env_CC_value=
ac_cv_env_CFLAGS_set=
ac_cv_env_CFLAGS_value=
ac_cv_env_CPPFLAGS_set=
ac_cv_env_CPPFLAGS_value=
ac_cv_env_CPP_set=
ac_cv_env_CPP_value=
ac_cv_env_CXXFLAGS_set=
ac_cv_env_CXXFLAGS_value=
ac_cv_env_CXX_set=
ac_cv_env_CXX_value=
ac_cv_env_LDFLAGS_set=
ac_cv_env_LDFLAGS_value=
ac_cv_env_build_alias_set=
ac_cv_env_build_alias_value=
ac_cv_env_host_alias_set=
ac_cv_env_host_alias_value=
ac_cv_env_target_alias_set=
ac_cv_env_target_alias_value=
ac_cv_exeext=
ac_cv_header_stdc=yes
ac_cv_host=x86_64-unknown-linux-gnu
ac_cv_host_alias=x86_64-unknown-linux-gnu
ac_cv_lib_SDL_ttf_TTF_Init=yes
ac_cv_objext=o
ac_cv_path_SDL_CONFIG=/usr/bin/sdl-config
ac_cv_path_install='/usr/bin/ginstall -c'
ac_cv_prog_AWK=gawk
ac_cv_prog_CPP='gcc -E'
ac_cv_prog_ac_ct_CC=gcc
ac_cv_prog_ac_ct_CXX=g++
ac_cv_prog_cc_g=yes
ac_cv_prog_cc_stdc=
ac_cv_prog_cxx_g=yes
ac_cv_prog_egrep='grep -E'
ac_cv_prog_make_make_set=yes
ac_cv_search_strerror='none required'
ac_cv_target=x86_64-unknown-linux-gnu
ac_cv_target_alias=x86_64-unknown-linux-gnu
am_cv_CC_dependencies_compiler_type=gcc3
am_cv_CXX_dependencies_compiler_type=gcc3
am_cv_prog_cc_stdc=

## ----------------- ##
## Output variables. ##
## ----------------- ##

ACLOCAL='${SHELL} /home/leandro/src/tetris4sdl-0.1/missing --run aclocal-1.8'
AMDEPBACKSLASH='\'
AMDEP_FALSE='#'
AMDEP_TRUE=''
AMTAR='${SHELL} /home/leandro/src/tetris4sdl-0.1/missing --run tar'
AUTOCONF='${SHELL} /home/leandro/src/tetris4sdl-0.1/missing --run autoconf'
AUTOHEADER='${SHELL} /home/leandro/src/tetris4sdl-0.1/missing --run autoheader'
AUTOMAKE='${SHELL} /home/leandro/src/tetris4sdl-0.1/missing --run automake-1.8'
AWK='gawk'
CC='gcc'
CCDEPMODE='depmode=gcc3'
CFLAGS='-g -O2'
CPP='gcc -E'
CPPFLAGS=' -I/usr/include/SDL -D_GNU_SOURCE=1 -D_REENTRANT'
CXX='g++'
CXXDEPMODE='depmode=gcc3'
CXXFLAGS='-g -O2'
CYGPATH_W='echo'
DEFS='-DHAVE_CONFIG_H'
DEPDIR='.deps'
ECHO_C=''
ECHO_N='-n'
ECHO_T=''
EGREP='grep -E'
EXEEXT=''
INSTALL_DATA='${INSTALL} -m 644'
INSTALL_PROGRAM='${INSTALL}'
INSTALL_SCRIPT='${INSTALL}'
INSTALL_STRIP_PROGRAM='${SHELL} $(install_sh) -c -s'
LDFLAGS=''
LIBOBJS=''
LIBS='-lSDL_ttf  -L/usr/lib64 -Wl,-rpath,/usr/lib64 -lSDL -lpthread'
LTLIBOBJS=''
MAKEINFO='${SHELL} /home/leandro/src/tetris4sdl-0.1/missing --run makeinfo'
OBJEXT='o'
PACKAGE='tetris'
PACKAGE_BUGREPORT=''
PACKAGE_NAME='tetris'
PACKAGE_STRING='tetris 0.1'
PACKAGE_TARNAME='tetris'
PACKAGE_VERSION='0.1'
PATH_SEPARATOR=':'
SDL_CFLAGS='-I/usr/include/SDL -D_GNU_SOURCE=1 -D_REENTRANT'
SDL_CONFIG='/usr/bin/sdl-config'
SDL_LIBS='-L/usr/lib64 -Wl,-rpath,/usr/lib64 -lSDL -lpthread'
SET_MAKE=''
SHELL='/bin/sh'
STRIP=''
VERSION='0.1'
ac_ct_CC='gcc'
ac_ct_CXX='g++'
ac_ct_STRIP=''
am__fastdepCC_FALSE='#'
am__fastdepCC_TRUE=''
am__fastdepCXX_FALSE='#'
am__fastdepCXX_TRUE=''
am__include='include'
am__leading_dot='.'
am__quote=''
bindir='${exec_prefix}/bin'
build='x86_64-unknown-linux-gnu'
build_alias=''
build_cpu='x86_64'
build_os='linux-gnu'
build_vendor='unknown'
datadir='${prefix}/share'
exec_prefix='${prefix}'
host='x86_64-unknown-linux-gnu'
host_alias=''
host_cpu='x86_64'
host_os='linux-gnu'
host_vendor='unknown'
includedir='${prefix}/include'
infodir='${prefix}/info'
install_sh='/home/leandro/src/tetris4sdl-0.1/install-sh'
libdir='${exec_prefix}/lib'
libexecdir='${exec_prefix}/libexec'
localstatedir='${prefix}/var'
mandir='${prefix}/man'
mkdir_p='mkdir -p -- .'
oldincludedir='/usr/include'
prefix='/usr/local'
program_transform_name='s,x,x,'
sbindir='${exec_prefix}/sbin'
sharedstatedir='${prefix}/com'
sysconfdir='${prefix}/etc'
target='x86_64-unknown-linux-gnu'
target_alias=''
target_cpu='x86_64'
target_os='linux-gnu'
target_vendor='unknown'

## ----------- ##
## confdefs.h. ##
## ----------- ##

#define HAVE_LIBSDL_TTF 1
#define PACKAGE "tetris"
#define PACKAGE_BUGREPORT ""
#define PACKAGE_NAME "tetris"
#define PACKAGE_STRING "tetris 0.1"
#define PACKAGE_TARNAME "tetris"
#define PACKAGE_VERSION "0.1"
#define STDC_HEADERS 1
#define VERSION "0.1"
#endif
#ifdef __cplusplus
extern "C" void exit (int) throw ();

configure: exit 0
